  Snake.cpp
C:\Users\pawir\Downloads\template-project-2-main\template-project-2-main\Snake.cpp(249,83): warning C4267: 'argument': conversion from 'size_t' to 'int', possible loss of data
C:\Users\pawir\Downloads\template-project-2-main\template-project-2-main\Snake.cpp(250,83): warning C4267: 'argument': conversion from 'size_t' to 'int', possible loss of data
C:\Users\pawir\Downloads\template-project-2-main\template-project-2-main\Snake.cpp(283,98): warning C4244: 'argument': conversion from 'double' to 'int', possible loss of data
C:\Users\pawir\Downloads\template-project-2-main\template-project-2-main\Snake.cpp(288,109): warning C4244: 'argument': conversion from 'double' to 'int', possible loss of data
C:\Users\pawir\Downloads\template-project-2-main\template-project-2-main\Snake.cpp(248,13): warning C4996: 'sprintf': This function or variable may be unsafe. Consider using sprintf_s instead. To disable deprecation, use _CRT_SECURE_NO_WARNINGS. See online help for details.
C:\Users\pawir\Downloads\template-project-2-main\template-project-2-main\Snake.cpp(298,22): warning C4996: 'fopen': This function or variable may be unsafe. Consider using fopen_s instead. To disable deprecation, use _CRT_SECURE_NO_WARNINGS. See online help for details.
C:\Users\pawir\Downloads\template-project-2-main\template-project-2-main\Snake.cpp(362,22): warning C4477: 'fscanf' : format string '%d' requires an argument of type 'int *', but variadic argument 1 has type 'bool *'
C:\Users\pawir\Downloads\template-project-2-main\template-project-2-main\Snake.cpp(333,22): warning C4996: 'fopen': This function or variable may be unsafe. Consider using fopen_s instead. To disable deprecation, use _CRT_SECURE_NO_WARNINGS. See online help for details.
C:\Users\pawir\Downloads\template-project-2-main\template-project-2-main\Snake.cpp(341,5): warning C4996: 'fscanf': This function or variable may be unsafe. Consider using fscanf_s instead. To disable deprecation, use _CRT_SECURE_NO_WARNINGS. See online help for details.
C:\Users\pawir\Downloads\template-project-2-main\template-project-2-main\Snake.cpp(351,13): warning C4996: 'fscanf': This function or variable may be unsafe. Consider using fscanf_s instead. To disable deprecation, use _CRT_SECURE_NO_WARNINGS. See online help for details.
C:\Users\pawir\Downloads\template-project-2-main\template-project-2-main\Snake.cpp(356,5): warning C4996: 'fscanf': This function or variable may be unsafe. Consider using fscanf_s instead. To disable deprecation, use _CRT_SECURE_NO_WARNINGS. See online help for details.
C:\Users\pawir\Downloads\template-project-2-main\template-project-2-main\Snake.cpp(357,5): warning C4996: 'fscanf': This function or variable may be unsafe. Consider using fscanf_s instead. To disable deprecation, use _CRT_SECURE_NO_WARNINGS. See online help for details.
C:\Users\pawir\Downloads\template-project-2-main\template-project-2-main\Snake.cpp(358,5): warning C4996: 'fscanf': This function or variable may be unsafe. Consider using fscanf_s instead. To disable deprecation, use _CRT_SECURE_NO_WARNINGS. See online help for details.
C:\Users\pawir\Downloads\template-project-2-main\template-project-2-main\Snake.cpp(359,5): warning C4996: 'fscanf': This function or variable may be unsafe. Consider using fscanf_s instead. To disable deprecation, use _CRT_SECURE_NO_WARNINGS. See online help for details.
C:\Users\pawir\Downloads\template-project-2-main\template-project-2-main\Snake.cpp(360,5): warning C4996: 'fscanf': This function or variable may be unsafe. Consider using fscanf_s instead. To disable deprecation, use _CRT_SECURE_NO_WARNINGS. See online help for details.
C:\Users\pawir\Downloads\template-project-2-main\template-project-2-main\Snake.cpp(361,5): warning C4996: 'fscanf': This function or variable may be unsafe. Consider using fscanf_s instead. To disable deprecation, use _CRT_SECURE_NO_WARNINGS. See online help for details.
C:\Users\pawir\Downloads\template-project-2-main\template-project-2-main\Snake.cpp(362,5): warning C4996: 'fscanf': This function or variable may be unsafe. Consider using fscanf_s instead. To disable deprecation, use _CRT_SECURE_NO_WARNINGS. See online help for details.
C:\Users\pawir\Downloads\template-project-2-main\template-project-2-main\Snake.cpp(363,5): warning C4996: 'fscanf': This function or variable may be unsafe. Consider using fscanf_s instead. To disable deprecation, use _CRT_SECURE_NO_WARNINGS. See online help for details.
C:\Users\pawir\Downloads\template-project-2-main\template-project-2-main\Snake.cpp(365,5): warning C4996: 'fscanf': This function or variable may be unsafe. Consider using fscanf_s instead. To disable deprecation, use _CRT_SECURE_NO_WARNINGS. See online help for details.
C:\Users\pawir\Downloads\template-project-2-main\template-project-2-main\Snake.cpp(366,5): warning C4996: 'fscanf': This function or variable may be unsafe. Consider using fscanf_s instead. To disable deprecation, use _CRT_SECURE_NO_WARNINGS. See online help for details.
C:\Users\pawir\Downloads\template-project-2-main\template-project-2-main\Snake.cpp(367,5): warning C4996: 'fscanf': This function or variable may be unsafe. Consider using fscanf_s instead. To disable deprecation, use _CRT_SECURE_NO_WARNINGS. See online help for details.
C:\Users\pawir\Downloads\template-project-2-main\template-project-2-main\Snake.cpp(373,9): warning C4996: 'fscanf': This function or variable may be unsafe. Consider using fscanf_s instead. To disable deprecation, use _CRT_SECURE_NO_WARNINGS. See online help for details.
  main.cpp
C:\Users\pawir\Downloads\template-project-2-main\template-project-2-main\main.cpp(257,42): warning C4267: 'argument': conversion from 'size_t' to 'int', possible loss of data
C:\Users\pawir\Downloads\template-project-2-main\template-project-2-main\main.cpp(259,42): warning C4267: 'argument': conversion from 'size_t' to 'int', possible loss of data
C:\Users\pawir\Downloads\template-project-2-main\template-project-2-main\main.cpp(325,37): warning C4267: 'argument': conversion from 'size_t' to 'int', possible loss of data
C:\Users\pawir\Downloads\template-project-2-main\template-project-2-main\main.cpp(327,37): warning C4267: 'argument': conversion from 'size_t' to 'int', possible loss of data
C:\Users\pawir\Downloads\template-project-2-main\template-project-2-main\main.cpp(335,38): warning C4267: 'argument': conversion from 'size_t' to 'int', possible loss of data
C:\Users\pawir\Downloads\template-project-2-main\template-project-2-main\main.cpp(337,38): warning C4267: 'argument': conversion from 'size_t' to 'int', possible loss of data
C:\Users\pawir\Downloads\template-project-2-main\template-project-2-main\main.cpp(339,38): warning C4267: 'argument': conversion from 'size_t' to 'int', possible loss of data
C:\Users\pawir\Downloads\template-project-2-main\template-project-2-main\main.cpp(403,38): warning C4267: 'argument': conversion from 'size_t' to 'int', possible loss of data
C:\Users\pawir\Downloads\template-project-2-main\template-project-2-main\main.cpp(405,38): warning C4267: 'argument': conversion from 'size_t' to 'int', possible loss of data
C:\Users\pawir\Downloads\template-project-2-main\template-project-2-main\main.cpp(407,38): warning C4267: 'argument': conversion from 'size_t' to 'int', possible loss of data
C:\Users\pawir\Downloads\template-project-2-main\template-project-2-main\main.cpp(409,38): warning C4267: 'argument': conversion from 'size_t' to 'int', possible loss of data
C:\Users\pawir\Downloads\template-project-2-main\template-project-2-main\main.cpp(411,38): warning C4267: 'argument': conversion from 'size_t' to 'int', possible loss of data
C:\Users\pawir\Downloads\template-project-2-main\template-project-2-main\main.cpp(202,19): warning C4996: 'fopen': This function or variable may be unsafe. Consider using fopen_s instead. To disable deprecation, use _CRT_SECURE_NO_WARNINGS. See online help for details.
C:\Users\pawir\Downloads\template-project-2-main\template-project-2-main\main.cpp(209,6): warning C4996: 'fscanf': This function or variable may be unsafe. Consider using fscanf_s instead. To disable deprecation, use _CRT_SECURE_NO_WARNINGS. See online help for details.
C:\Users\pawir\Downloads\template-project-2-main\template-project-2-main\main.cpp(210,3): warning C4996: 'strcpy': This function or variable may be unsafe. Consider using strcpy_s instead. To disable deprecation, use _CRT_SECURE_NO_WARNINGS. See online help for details.
C:\Users\pawir\Downloads\template-project-2-main\template-project-2-main\main.cpp(213,6): warning C4996: 'fscanf': This function or variable may be unsafe. Consider using fscanf_s instead. To disable deprecation, use _CRT_SECURE_NO_WARNINGS. See online help for details.
C:\Users\pawir\Downloads\template-project-2-main\template-project-2-main\main.cpp(214,3): warning C4996: 'strcpy': This function or variable may be unsafe. Consider using strcpy_s instead. To disable deprecation, use _CRT_SECURE_NO_WARNINGS. See online help for details.
C:\Users\pawir\Downloads\template-project-2-main\template-project-2-main\main.cpp(217,6): warning C4996: 'fscanf': This function or variable may be unsafe. Consider using fscanf_s instead. To disable deprecation, use _CRT_SECURE_NO_WARNINGS. See online help for details.
C:\Users\pawir\Downloads\template-project-2-main\template-project-2-main\main.cpp(218,3): warning C4996: 'strcpy': This function or variable may be unsafe. Consider using strcpy_s instead. To disable deprecation, use _CRT_SECURE_NO_WARNINGS. See online help for details.
C:\Users\pawir\Downloads\template-project-2-main\template-project-2-main\main.cpp(256,3): warning C4996: 'sprintf': This function or variable may be unsafe. Consider using sprintf_s instead. To disable deprecation, use _CRT_SECURE_NO_WARNINGS. See online help for details.
C:\Users\pawir\Downloads\template-project-2-main\template-project-2-main\main.cpp(258,3): warning C4996: 'sprintf': This function or variable may be unsafe. Consider using sprintf_s instead. To disable deprecation, use _CRT_SECURE_NO_WARNINGS. See online help for details.
C:\Users\pawir\Downloads\template-project-2-main\template-project-2-main\main.cpp(263,3): warning C4996: 'sprintf': This function or variable may be unsafe. Consider using sprintf_s instead. To disable deprecation, use _CRT_SECURE_NO_WARNINGS. See online help for details.
C:\Users\pawir\Downloads\template-project-2-main\template-project-2-main\main.cpp(265,3): warning C4996: 'sprintf': This function or variable may be unsafe. Consider using sprintf_s instead. To disable deprecation, use _CRT_SECURE_NO_WARNINGS. See online help for details.
C:\Users\pawir\Downloads\template-project-2-main\template-project-2-main\main.cpp(267,3): warning C4996: 'sprintf': This function or variable may be unsafe. Consider using sprintf_s instead. To disable deprecation, use _CRT_SECURE_NO_WARNINGS. See online help for details.
C:\Users\pawir\Downloads\template-project-2-main\template-project-2-main\main.cpp(269,3): warning C4996: 'sprintf': This function or variable may be unsafe. Consider using sprintf_s instead. To disable deprecation, use _CRT_SECURE_NO_WARNINGS. See online help for details.
C:\Users\pawir\Downloads\template-project-2-main\template-project-2-main\main.cpp(271,3): warning C4996: 'sprintf': This function or variable may be unsafe. Consider using sprintf_s instead. To disable deprecation, use _CRT_SECURE_NO_WARNINGS. See online help for details.
C:\Users\pawir\Downloads\template-project-2-main\template-project-2-main\main.cpp(273,3): warning C4996: 'sprintf': This function or variable may be unsafe. Consider using sprintf_s instead. To disable deprecation, use _CRT_SECURE_NO_WARNINGS. See online help for details.
C:\Users\pawir\Downloads\template-project-2-main\template-project-2-main\main.cpp(275,3): warning C4996: 'sprintf': This function or variable may be unsafe. Consider using sprintf_s instead. To disable deprecation, use _CRT_SECURE_NO_WARNINGS. See online help for details.
C:\Users\pawir\Downloads\template-project-2-main\template-project-2-main\main.cpp(277,3): warning C4996: 'sprintf': This function or variable may be unsafe. Consider using sprintf_s instead. To disable deprecation, use _CRT_SECURE_NO_WARNINGS. See online help for details.
C:\Users\pawir\Downloads\template-project-2-main\template-project-2-main\main.cpp(279,3): warning C4996: 'sprintf': This function or variable may be unsafe. Consider using sprintf_s instead. To disable deprecation, use _CRT_SECURE_NO_WARNINGS. See online help for details.
C:\Users\pawir\Downloads\template-project-2-main\template-project-2-main\main.cpp(281,3): warning C4996: 'sprintf': This function or variable may be unsafe. Consider using sprintf_s instead. To disable deprecation, use _CRT_SECURE_NO_WARNINGS. See online help for details.
C:\Users\pawir\Downloads\template-project-2-main\template-project-2-main\main.cpp(283,3): warning C4996: 'sprintf': This function or variable may be unsafe. Consider using sprintf_s instead. To disable deprecation, use _CRT_SECURE_NO_WARNINGS. See online help for details.
C:\Users\pawir\Downloads\template-project-2-main\template-project-2-main\main.cpp(285,3): warning C4996: 'sprintf': This function or variable may be unsafe. Consider using sprintf_s instead. To disable deprecation, use _CRT_SECURE_NO_WARNINGS. See online help for details.
C:\Users\pawir\Downloads\template-project-2-main\template-project-2-main\main.cpp(294,4): warning C4996: 'sprintf': This function or variable may be unsafe. Consider using sprintf_s instead. To disable deprecation, use _CRT_SECURE_NO_WARNINGS. See online help for details.
C:\Users\pawir\Downloads\template-project-2-main\template-project-2-main\main.cpp(324,4): warning C4996: 'sprintf': This function or variable may be unsafe. Consider using sprintf_s instead. To disable deprecation, use _CRT_SECURE_NO_WARNINGS. See online help for details.
C:\Users\pawir\Downloads\template-project-2-main\template-project-2-main\main.cpp(326,4): warning C4996: 'sprintf': This function or variable may be unsafe. Consider using sprintf_s instead. To disable deprecation, use _CRT_SECURE_NO_WARNINGS. See online help for details.
C:\Users\pawir\Downloads\template-project-2-main\template-project-2-main\main.cpp(334,5): warning C4996: 'sprintf': This function or variable may be unsafe. Consider using sprintf_s instead. To disable deprecation, use _CRT_SECURE_NO_WARNINGS. See online help for details.
C:\Users\pawir\Downloads\template-project-2-main\template-project-2-main\main.cpp(336,5): warning C4996: 'sprintf': This function or variable may be unsafe. Consider using sprintf_s instead. To disable deprecation, use _CRT_SECURE_NO_WARNINGS. See online help for details.
C:\Users\pawir\Downloads\template-project-2-main\template-project-2-main\main.cpp(355,9): warning C4996: 'strcpy': This function or variable may be unsafe. Consider using strcpy_s instead. To disable deprecation, use _CRT_SECURE_NO_WARNINGS. See online help for details.
C:\Users\pawir\Downloads\template-project-2-main\template-project-2-main\main.cpp(357,9): warning C4996: 'strcpy': This function or variable may be unsafe. Consider using strcpy_s instead. To disable deprecation, use _CRT_SECURE_NO_WARNINGS. See online help for details.
C:\Users\pawir\Downloads\template-project-2-main\template-project-2-main\main.cpp(359,9): warning C4996: 'strcpy': This function or variable may be unsafe. Consider using strcpy_s instead. To disable deprecation, use _CRT_SECURE_NO_WARNINGS. See online help for details.
C:\Users\pawir\Downloads\template-project-2-main\template-project-2-main\main.cpp(363,9): warning C4996: 'strcpy': This function or variable may be unsafe. Consider using strcpy_s instead. To disable deprecation, use _CRT_SECURE_NO_WARNINGS. See online help for details.
C:\Users\pawir\Downloads\template-project-2-main\template-project-2-main\main.cpp(365,9): warning C4996: 'strcpy': This function or variable may be unsafe. Consider using strcpy_s instead. To disable deprecation, use _CRT_SECURE_NO_WARNINGS. See online help for details.
C:\Users\pawir\Downloads\template-project-2-main\template-project-2-main\main.cpp(369,9): warning C4996: 'strcpy': This function or variable may be unsafe. Consider using strcpy_s instead. To disable deprecation, use _CRT_SECURE_NO_WARNINGS. See online help for details.
C:\Users\pawir\Downloads\template-project-2-main\template-project-2-main\main.cpp(373,19): warning C4996: 'fopen': This function or variable may be unsafe. Consider using fopen_s instead. To disable deprecation, use _CRT_SECURE_NO_WARNINGS. See online help for details.
C:\Users\pawir\Downloads\template-project-2-main\template-project-2-main\main.cpp(393,8): warning C4996: 'strcat': This function or variable may be unsafe. Consider using strcat_s instead. To disable deprecation, use _CRT_SECURE_NO_WARNINGS. See online help for details.
C:\Users\pawir\Downloads\template-project-2-main\template-project-2-main\main.cpp(404,5): warning C4996: 'sprintf': This function or variable may be unsafe. Consider using sprintf_s instead. To disable deprecation, use _CRT_SECURE_NO_WARNINGS. See online help for details.
C:\Users\pawir\Downloads\template-project-2-main\template-project-2-main\main.cpp(406,5): warning C4996: 'sprintf': This function or variable may be unsafe. Consider using sprintf_s instead. To disable deprecation, use _CRT_SECURE_NO_WARNINGS. See online help for details.
C:\Users\pawir\Downloads\template-project-2-main\template-project-2-main\main.cpp(408,5): warning C4996: 'sprintf': This function or variable may be unsafe. Consider using sprintf_s instead. To disable deprecation, use _CRT_SECURE_NO_WARNINGS. See online help for details.
C:\Users\pawir\Downloads\template-project-2-main\template-project-2-main\main.cpp(410,5): warning C4996: 'sprintf': This function or variable may be unsafe. Consider using sprintf_s instead. To disable deprecation, use _CRT_SECURE_NO_WARNINGS. See online help for details.
C:\Users\pawir\Downloads\template-project-2-main\template-project-2-main\main.cpp(103,32): warning C4101: 'points': unreferenced local variable
  Generating Code...
  szablon2vs19.vcxproj -> C:\Users\pawir\Downloads\template-project-2-main\template-project-2-main\x64\Debug\szablon2vs19.exe
